0 info it worked if it ends with ok
1 verbose cli [ 'C:\\Program Files\\nodejs\\node.exe',
1 verbose cli   'C:\\Users\\Susheel\\AppData\\Roaming\\npm\\node_modules\\npm\\bin\\npm-cli.js',
1 verbose cli   'install',
1 verbose cli   'jwt' ]
2 info using npm@3.8.7
3 info using node@v4.4.3
4 silly loadCurrentTree Starting
5 silly install loadCurrentTree
6 silly install readLocalPackageData
7 silly fetchPackageMetaData jwt@0.2.0
8 silly fetchNamedPackageData jwt
9 silly mapToRegistry name jwt
10 silly mapToRegistry using default registry
11 silly mapToRegistry registry https://registry.npmjs.org/
12 silly mapToRegistry data Result {
12 silly mapToRegistry   raw: 'jwt',
12 silly mapToRegistry   scope: null,
12 silly mapToRegistry   name: 'jwt',
12 silly mapToRegistry   rawSpec: '',
12 silly mapToRegistry   spec: 'latest',
12 silly mapToRegistry   type: 'tag' }
13 silly mapToRegistry uri https://registry.npmjs.org/jwt
14 verbose request uri https://registry.npmjs.org/jwt
15 verbose request no auth needed
16 info attempt registry request try #1 at 10:52:32 AM
17 verbose request id 7409d9c96faff024
18 verbose etag "9TK3IKN12AK40TS03KBWMYTUZ"
19 http request GET https://registry.npmjs.org/jwt
20 http 304 https://registry.npmjs.org/jwt
21 verbose headers { date: 'Wed, 08 Jun 2016 05:24:51 GMT',
21 verbose headers   via: '1.1 varnish',
21 verbose headers   'cache-control': 'max-age=300',
21 verbose headers   etag: '"9TK3IKN12AK40TS03KBWMYTUZ"',
21 verbose headers   age: '32',
21 verbose headers   connection: 'keep-alive',
21 verbose headers   'x-served-by': 'cache-sin6922-SIN',
21 verbose headers   'x-cache': 'HIT',
21 verbose headers   'x-cache-hits': '1',
21 verbose headers   'x-timer': 'S1465363491.901646,VS0,VE0',
21 verbose headers   vary: 'Accept-Encoding' }
22 silly get cb [ 304,
22 silly get   { date: 'Wed, 08 Jun 2016 05:24:51 GMT',
22 silly get     via: '1.1 varnish',
22 silly get     'cache-control': 'max-age=300',
22 silly get     etag: '"9TK3IKN12AK40TS03KBWMYTUZ"',
22 silly get     age: '32',
22 silly get     connection: 'keep-alive',
22 silly get     'x-served-by': 'cache-sin6922-SIN',
22 silly get     'x-cache': 'HIT',
22 silly get     'x-cache-hits': '1',
22 silly get     'x-timer': 'S1465363491.901646,VS0,VE0',
22 silly get     vary: 'Accept-Encoding' } ]
23 verbose etag https://registry.npmjs.org/jwt from cache
24 verbose get saving jwt to C:\Users\Susheel\AppData\Roaming\npm-cache\registry.npmjs.org\jwt\.cache.json
25 verbose correctMkdir C:\Users\Susheel\AppData\Roaming\npm-cache correctMkdir not in flight; initializing
26 silly install normalizeTree
27 silly loadCurrentTree Finishing
28 silly loadIdealTree Starting
29 silly install loadIdealTree
30 silly cloneCurrentTree Starting
31 silly install cloneCurrentTreeToIdealTree
32 silly cloneCurrentTree Finishing
33 silly loadShrinkwrap Starting
34 silly install loadShrinkwrap
35 silly loadShrinkwrap Finishing
36 silly loadAllDepsIntoIdealTree Starting
37 silly install loadAllDepsIntoIdealTree
38 silly resolveWithNewModule jwt@0.2.0 checking installable status
39 silly cache add args [ 'jwt@0.2.0', null ]
40 verbose cache add spec jwt@0.2.0
41 silly cache add parsed spec Result {
41 silly cache add   raw: 'jwt@0.2.0',
41 silly cache add   scope: null,
41 silly cache add   name: 'jwt',
41 silly cache add   rawSpec: '0.2.0',
41 silly cache add   spec: '0.2.0',
41 silly cache add   type: 'version' }
42 silly addNamed jwt@0.2.0
43 verbose addNamed "0.2.0" is a plain semver version for jwt
44 silly mapToRegistry name jwt
45 silly mapToRegistry using default registry
46 silly mapToRegistry registry https://registry.npmjs.org/
47 silly mapToRegistry data Result {
47 silly mapToRegistry   raw: 'jwt',
47 silly mapToRegistry   scope: null,
47 silly mapToRegistry   name: 'jwt',
47 silly mapToRegistry   rawSpec: '',
47 silly mapToRegistry   spec: 'latest',
47 silly mapToRegistry   type: 'tag' }
48 silly mapToRegistry uri https://registry.npmjs.org/jwt
49 verbose addNameVersion registry:https://registry.npmjs.org/jwt not in flight; fetching
50 verbose get https://registry.npmjs.org/jwt not expired, no request
51 silly cache afterAdd jwt@0.2.0
52 verbose afterAdd C:\Users\Susheel\AppData\Roaming\npm-cache\jwt\0.2.0\package\package.json not in flight; writing
53 verbose correctMkdir C:\Users\Susheel\AppData\Roaming\npm-cache correctMkdir not in flight; initializing
54 verbose afterAdd C:\Users\Susheel\AppData\Roaming\npm-cache\jwt\0.2.0\package\package.json written
55 silly fetchNamedPackageData node-base64
56 silly mapToRegistry name node-base64
57 silly mapToRegistry using default registry
58 silly mapToRegistry registry https://registry.npmjs.org/
59 silly mapToRegistry data Result {
59 silly mapToRegistry   raw: 'node-base64',
59 silly mapToRegistry   scope: null,
59 silly mapToRegistry   name: 'node-base64',
59 silly mapToRegistry   rawSpec: '',
59 silly mapToRegistry   spec: 'latest',
59 silly mapToRegistry   type: 'tag' }
60 silly mapToRegistry uri https://registry.npmjs.org/node-base64
61 verbose request uri https://registry.npmjs.org/node-base64
62 verbose request no auth needed
63 info attempt registry request try #1 at 10:52:33 AM
64 verbose etag "59V2E1POWCLAQ5HP9T4R75FDK"
65 http request GET https://registry.npmjs.org/node-base64
66 http 304 https://registry.npmjs.org/node-base64
67 verbose headers { date: 'Wed, 08 Jun 2016 05:24:52 GMT',
67 verbose headers   via: '1.1 varnish',
67 verbose headers   'cache-control': 'max-age=300',
67 verbose headers   etag: '"59V2E1POWCLAQ5HP9T4R75FDK"',
67 verbose headers   age: '31',
67 verbose headers   connection: 'keep-alive',
67 verbose headers   'x-served-by': 'cache-sin6922-SIN',
67 verbose headers   'x-cache': 'HIT',
67 verbose headers   'x-cache-hits': '1',
67 verbose headers   'x-timer': 'S1465363492.167158,VS0,VE0',
67 verbose headers   vary: 'Accept-Encoding' }
68 silly get cb [ 304,
68 silly get   { date: 'Wed, 08 Jun 2016 05:24:52 GMT',
68 silly get     via: '1.1 varnish',
68 silly get     'cache-control': 'max-age=300',
68 silly get     etag: '"59V2E1POWCLAQ5HP9T4R75FDK"',
68 silly get     age: '31',
68 silly get     connection: 'keep-alive',
68 silly get     'x-served-by': 'cache-sin6922-SIN',
68 silly get     'x-cache': 'HIT',
68 silly get     'x-cache-hits': '1',
68 silly get     'x-timer': 'S1465363492.167158,VS0,VE0',
68 silly get     vary: 'Accept-Encoding' } ]
69 verbose etag https://registry.npmjs.org/node-base64 from cache
70 verbose get saving node-base64 to C:\Users\Susheel\AppData\Roaming\npm-cache\registry.npmjs.org\node-base64\.cache.json
71 verbose correctMkdir C:\Users\Susheel\AppData\Roaming\npm-cache correctMkdir not in flight; initializing
72 silly resolveWithNewModule node-base64@0.0.1 checking installable status
73 silly cache add args [ 'node-base64@0.0.1', null ]
74 verbose cache add spec node-base64@0.0.1
75 silly cache add parsed spec Result {
75 silly cache add   raw: 'node-base64@0.0.1',
75 silly cache add   scope: null,
75 silly cache add   name: 'node-base64',
75 silly cache add   rawSpec: '0.0.1',
75 silly cache add   spec: '0.0.1',
75 silly cache add   type: 'version' }
76 silly addNamed node-base64@0.0.1
77 verbose addNamed "0.0.1" is a plain semver version for node-base64
78 silly mapToRegistry name node-base64
79 silly mapToRegistry using default registry
80 silly mapToRegistry registry https://registry.npmjs.org/
81 silly mapToRegistry data Result {
81 silly mapToRegistry   raw: 'node-base64',
81 silly mapToRegistry   scope: null,
81 silly mapToRegistry   name: 'node-base64',
81 silly mapToRegistry   rawSpec: '',
81 silly mapToRegistry   spec: 'latest',
81 silly mapToRegistry   type: 'tag' }
82 silly mapToRegistry uri https://registry.npmjs.org/node-base64
83 verbose addNameVersion registry:https://registry.npmjs.org/node-base64 not in flight; fetching
84 verbose get https://registry.npmjs.org/node-base64 not expired, no request
85 silly cache afterAdd node-base64@0.0.1
86 verbose afterAdd C:\Users\Susheel\AppData\Roaming\npm-cache\node-base64\0.0.1\package\package.json not in flight; writing
87 verbose correctMkdir C:\Users\Susheel\AppData\Roaming\npm-cache correctMkdir not in flight; initializing
88 verbose afterAdd C:\Users\Susheel\AppData\Roaming\npm-cache\node-base64\0.0.1\package\package.json written
89 silly loadAllDepsIntoIdealTree Finishing
90 silly idealTree:prePrune fitnessApp@1.0.0
90 silly idealTree:prePrune +-- accepts@1.3.3
90 silly idealTree:prePrune +-- addressparser@1.0.1
90 silly idealTree:prePrune +-- append-field@0.1.0
90 silly idealTree:prePrune +-- array-flatten@1.1.1
90 silly idealTree:prePrune +-- async@2.0.0-rc.5
90 silly idealTree:prePrune +-- basic-auth@1.0.4
90 silly idealTree:prePrune +-- bluebird@2.10.2
90 silly idealTree:prePrune +-- body-parser@1.15.1
90 silly idealTree:prePrune +-- bson@0.4.23
90 silly idealTree:prePrune +-- buildmail@3.7.0
90 silly idealTree:prePrune +-- busboy@0.2.13
90 silly idealTree:prePrune | `-- readable-stream@1.1.14
90 silly idealTree:prePrune +-- bytes@2.3.0
90 silly idealTree:prePrune +-- concat-stream@1.5.1
90 silly idealTree:prePrune | +-- isarray@1.0.0
90 silly idealTree:prePrune | `-- readable-stream@2.0.6
90 silly idealTree:prePrune +-- content-disposition@0.5.1
90 silly idealTree:prePrune +-- content-type@1.0.2
90 silly idealTree:prePrune +-- cookie-signature@1.0.6
90 silly idealTree:prePrune +-- cookie@0.1.5
90 silly idealTree:prePrune +-- core-util-is@1.0.2
90 silly idealTree:prePrune +-- debug@2.2.0
90 silly idealTree:prePrune +-- depd@1.1.0
90 silly idealTree:prePrune +-- destroy@1.0.4
90 silly idealTree:prePrune +-- dicer@0.2.5
90 silly idealTree:prePrune | `-- readable-stream@1.1.14
90 silly idealTree:prePrune +-- ee-first@1.1.1
90 silly idealTree:prePrune +-- errorhandler@1.4.3
90 silly idealTree:prePrune +-- es6-promise@3.0.2
90 silly idealTree:prePrune +-- escape-html@1.0.3
90 silly idealTree:prePrune +-- etag@1.7.0
90 silly idealTree:prePrune +-- express@4.13.4
90 silly idealTree:prePrune | +-- accepts@1.2.13
90 silly idealTree:prePrune | +-- negotiator@0.5.3
90 silly idealTree:prePrune | `-- qs@4.0.0
90 silly idealTree:prePrune +-- finalhandler@0.4.1
90 silly idealTree:prePrune +-- forwarded@0.1.0
90 silly idealTree:prePrune +-- fresh@0.3.0
90 silly idealTree:prePrune +-- hooks-fixed@1.1.0
90 silly idealTree:prePrune +-- http-errors@1.4.0
90 silly idealTree:prePrune +-- httpntlm@1.6.1
90 silly idealTree:prePrune +-- httpreq@0.4.22
90 silly idealTree:prePrune +-- iconv-lite@0.4.13
90 silly idealTree:prePrune +-- inherits@2.0.1
90 silly idealTree:prePrune +-- ip@1.1.3
90 silly idealTree:prePrune +-- ipaddr.js@1.0.5
90 silly idealTree:prePrune +-- isarray@0.0.1
90 silly idealTree:prePrune +-- jwt@0.2.0
90 silly idealTree:prePrune +-- kareem@1.0.1
90 silly idealTree:prePrune +-- libbase64@0.1.0
90 silly idealTree:prePrune +-- libmime@2.0.3
90 silly idealTree:prePrune +-- libqp@1.1.0
90 silly idealTree:prePrune +-- lodash@4.13.1
90 silly idealTree:prePrune +-- mailcomposer@3.9.0
90 silly idealTree:prePrune +-- media-typer@0.3.0
90 silly idealTree:prePrune +-- merge-descriptors@1.0.1
90 silly idealTree:prePrune +-- methods@1.1.2
90 silly idealTree:prePrune +-- mime-db@1.23.0
90 silly idealTree:prePrune +-- mime-types@2.1.11
90 silly idealTree:prePrune +-- mime@1.3.4
90 silly idealTree:prePrune +-- minimist@0.0.8
90 silly idealTree:prePrune +-- mkdirp@0.5.1
90 silly idealTree:prePrune +-- mongodb-core@1.3.18
90 silly idealTree:prePrune +-- mongodb@2.1.18
90 silly idealTree:prePrune +-- mongoose@4.4.19
90 silly idealTree:prePrune | `-- async@1.5.2
90 silly idealTree:prePrune +-- morgan@1.7.0
90 silly idealTree:prePrune +-- mpath@0.2.1
90 silly idealTree:prePrune +-- mpromise@0.5.5
90 silly idealTree:prePrune +-- mquery@1.10.0
90 silly idealTree:prePrune | `-- sliced@0.0.5
90 silly idealTree:prePrune +-- ms@0.7.1
90 silly idealTree:prePrune +-- multer@1.1.0
90 silly idealTree:prePrune +-- muri@1.1.0
90 silly idealTree:prePrune +-- negotiator@0.6.1
90 silly idealTree:prePrune +-- node-base64@0.0.1
90 silly idealTree:prePrune +-- nodemailer-direct-transport@3.1.0
90 silly idealTree:prePrune +-- nodemailer-fetch@1.4.0
90 silly idealTree:prePrune +-- nodemailer-shared@1.0.5
90 silly idealTree:prePrune +-- nodemailer-smtp-pool@2.6.0
90 silly idealTree:prePrune +-- nodemailer-smtp-transport@2.5.0
90 silly idealTree:prePrune +-- nodemailer-wellknown@0.1.9
90 silly idealTree:prePrune +-- nodemailer@2.4.2
90 silly idealTree:prePrune +-- object-assign@3.0.0
90 silly idealTree:prePrune +-- on-finished@2.3.0
90 silly idealTree:prePrune +-- on-headers@1.0.1
90 silly idealTree:prePrune +-- parseurl@1.3.1
90 silly idealTree:prePrune +-- path-to-regexp@0.1.7
90 silly idealTree:prePrune +-- process-nextick-args@1.0.7
90 silly idealTree:prePrune +-- proxy-addr@1.0.10
90 silly idealTree:prePrune +-- qs@6.1.0
90 silly idealTree:prePrune +-- range-parser@1.0.3
90 silly idealTree:prePrune +-- raw-body@2.1.6
90 silly idealTree:prePrune +-- readable-stream@1.0.31
90 silly idealTree:prePrune +-- regexp-clone@0.0.1
90 silly idealTree:prePrune +-- require_optional@1.0.0
90 silly idealTree:prePrune +-- resolve-from@2.0.0
90 silly idealTree:prePrune +-- semver@5.1.0
90 silly idealTree:prePrune +-- send@0.13.1
90 silly idealTree:prePrune | +-- http-errors@1.3.1
90 silly idealTree:prePrune | `-- statuses@1.2.1
90 silly idealTree:prePrune +-- serve-static@1.10.3
90 silly idealTree:prePrune | +-- http-errors@1.3.1
90 silly idealTree:prePrune | +-- send@0.13.2
90 silly idealTree:prePrune | `-- statuses@1.2.1
90 silly idealTree:prePrune +-- sliced@1.0.1
90 silly idealTree:prePrune +-- smart-buffer@1.0.11
90 silly idealTree:prePrune +-- smtp-connection@2.5.0
90 silly idealTree:prePrune +-- socks@1.1.9
90 silly idealTree:prePrune +-- statuses@1.3.0
90 silly idealTree:prePrune +-- streamsearch@0.1.2
90 silly idealTree:prePrune +-- string_decoder@0.10.31
90 silly idealTree:prePrune +-- type-is@1.6.13
90 silly idealTree:prePrune +-- typedarray@0.0.6
90 silly idealTree:prePrune +-- underscore@1.7.0
90 silly idealTree:prePrune +-- unpipe@1.0.0
90 silly idealTree:prePrune +-- util-deprecate@1.0.2
90 silly idealTree:prePrune +-- utils-merge@1.0.0
90 silly idealTree:prePrune +-- vary@1.0.1
90 silly idealTree:prePrune `-- xtend@4.0.1
91 silly loadIdealTree Finishing
92 silly currentTree fitnessApp@1.0.0
92 silly currentTree +-- accepts@1.3.3
92 silly currentTree +-- addressparser@1.0.1
92 silly currentTree +-- append-field@0.1.0
92 silly currentTree +-- array-flatten@1.1.1
92 silly currentTree +-- async@2.0.0-rc.5
92 silly currentTree +-- basic-auth@1.0.4
92 silly currentTree +-- bluebird@2.10.2
92 silly currentTree +-- body-parser@1.15.1
92 silly currentTree +-- bson@0.4.23
92 silly currentTree +-- buildmail@3.7.0
92 silly currentTree +-- busboy@0.2.13
92 silly currentTree | `-- readable-stream@1.1.14
92 silly currentTree +-- bytes@2.3.0
92 silly currentTree +-- concat-stream@1.5.1
92 silly currentTree | +-- isarray@1.0.0
92 silly currentTree | `-- readable-stream@2.0.6
92 silly currentTree +-- content-disposition@0.5.1
92 silly currentTree +-- content-type@1.0.2
92 silly currentTree +-- cookie-signature@1.0.6
92 silly currentTree +-- cookie@0.1.5
92 silly currentTree +-- core-util-is@1.0.2
92 silly currentTree +-- debug@2.2.0
92 silly currentTree +-- depd@1.1.0
92 silly currentTree +-- destroy@1.0.4
92 silly currentTree +-- dicer@0.2.5
92 silly currentTree | `-- readable-stream@1.1.14
92 silly currentTree +-- ee-first@1.1.1
92 silly currentTree +-- errorhandler@1.4.3
92 silly currentTree +-- es6-promise@3.0.2
92 silly currentTree +-- escape-html@1.0.3
92 silly currentTree +-- etag@1.7.0
92 silly currentTree +-- express@4.13.4
92 silly currentTree | +-- accepts@1.2.13
92 silly currentTree | +-- negotiator@0.5.3
92 silly currentTree | `-- qs@4.0.0
92 silly currentTree +-- finalhandler@0.4.1
92 silly currentTree +-- forwarded@0.1.0
92 silly currentTree +-- fresh@0.3.0
92 silly currentTree +-- hooks-fixed@1.1.0
92 silly currentTree +-- http-errors@1.4.0
92 silly currentTree +-- httpntlm@1.6.1
92 silly currentTree +-- httpreq@0.4.22
92 silly currentTree +-- iconv-lite@0.4.13
92 silly currentTree +-- inherits@2.0.1
92 silly currentTree +-- ip@1.1.3
92 silly currentTree +-- ipaddr.js@1.0.5
92 silly currentTree +-- isarray@0.0.1
92 silly currentTree +-- kareem@1.0.1
92 silly currentTree +-- libbase64@0.1.0
92 silly currentTree +-- libmime@2.0.3
92 silly currentTree +-- libqp@1.1.0
92 silly currentTree +-- lodash@4.13.1
92 silly currentTree +-- mailcomposer@3.9.0
92 silly currentTree +-- media-typer@0.3.0
92 silly currentTree +-- merge-descriptors@1.0.1
92 silly currentTree +-- methods@1.1.2
92 silly currentTree +-- mime-db@1.23.0
92 silly currentTree +-- mime-types@2.1.11
92 silly currentTree +-- mime@1.3.4
92 silly currentTree +-- minimist@0.0.8
92 silly currentTree +-- mkdirp@0.5.1
92 silly currentTree +-- mongodb-core@1.3.18
92 silly currentTree +-- mongodb@2.1.18
92 silly currentTree +-- mongoose@4.4.19
92 silly currentTree | `-- async@1.5.2
92 silly currentTree +-- morgan@1.7.0
92 silly currentTree +-- mpath@0.2.1
92 silly currentTree +-- mpromise@0.5.5
92 silly currentTree +-- mquery@1.10.0
92 silly currentTree | `-- sliced@0.0.5
92 silly currentTree +-- ms@0.7.1
92 silly currentTree +-- multer@1.1.0
92 silly currentTree +-- muri@1.1.0
92 silly currentTree +-- negotiator@0.6.1
92 silly currentTree +-- nodemailer-direct-transport@3.1.0
92 silly currentTree +-- nodemailer-fetch@1.4.0
92 silly currentTree +-- nodemailer-shared@1.0.5
92 silly currentTree +-- nodemailer-smtp-pool@2.6.0
92 silly currentTree +-- nodemailer-smtp-transport@2.5.0
92 silly currentTree +-- nodemailer-wellknown@0.1.9
92 silly currentTree +-- nodemailer@2.4.2
92 silly currentTree +-- object-assign@3.0.0
92 silly currentTree +-- on-finished@2.3.0
92 silly currentTree +-- on-headers@1.0.1
92 silly currentTree +-- parseurl@1.3.1
92 silly currentTree +-- path-to-regexp@0.1.7
92 silly currentTree +-- process-nextick-args@1.0.7
92 silly currentTree +-- proxy-addr@1.0.10
92 silly currentTree +-- qs@6.1.0
92 silly currentTree +-- range-parser@1.0.3
92 silly currentTree +-- raw-body@2.1.6
92 silly currentTree +-- readable-stream@1.0.31
92 silly currentTree +-- regexp-clone@0.0.1
92 silly currentTree +-- require_optional@1.0.0
92 silly currentTree +-- resolve-from@2.0.0
92 silly currentTree +-- semver@5.1.0
92 silly currentTree +-- send@0.13.1
92 silly currentTree | +-- http-errors@1.3.1
92 silly currentTree | `-- statuses@1.2.1
92 silly currentTree +-- serve-static@1.10.3
92 silly currentTree | +-- http-errors@1.3.1
92 silly currentTree | +-- send@0.13.2
92 silly currentTree | `-- statuses@1.2.1
92 silly currentTree +-- sliced@1.0.1
92 silly currentTree +-- smart-buffer@1.0.11
92 silly currentTree +-- smtp-connection@2.5.0
92 silly currentTree +-- socks@1.1.9
92 silly currentTree +-- statuses@1.3.0
92 silly currentTree +-- streamsearch@0.1.2
92 silly currentTree +-- string_decoder@0.10.31
92 silly currentTree +-- type-is@1.6.13
92 silly currentTree +-- typedarray@0.0.6
92 silly currentTree +-- underscore@1.7.0
92 silly currentTree +-- unpipe@1.0.0
92 silly currentTree +-- util-deprecate@1.0.2
92 silly currentTree +-- utils-merge@1.0.0
92 silly currentTree +-- vary@1.0.1
92 silly currentTree `-- xtend@4.0.1
93 silly idealTree fitnessApp@1.0.0
93 silly idealTree +-- accepts@1.3.3
93 silly idealTree +-- addressparser@1.0.1
93 silly idealTree +-- append-field@0.1.0
93 silly idealTree +-- array-flatten@1.1.1
93 silly idealTree +-- async@2.0.0-rc.5
93 silly idealTree +-- basic-auth@1.0.4
93 silly idealTree +-- bluebird@2.10.2
93 silly idealTree +-- body-parser@1.15.1
93 silly idealTree +-- bson@0.4.23
93 silly idealTree +-- buildmail@3.7.0
93 silly idealTree +-- busboy@0.2.13
93 silly idealTree | `-- readable-stream@1.1.14
93 silly idealTree +-- bytes@2.3.0
93 silly idealTree +-- concat-stream@1.5.1
93 silly idealTree | +-- isarray@1.0.0
93 silly idealTree | `-- readable-stream@2.0.6
93 silly idealTree +-- content-disposition@0.5.1
93 silly idealTree +-- content-type@1.0.2
93 silly idealTree +-- cookie-signature@1.0.6
93 silly idealTree +-- cookie@0.1.5
93 silly idealTree +-- core-util-is@1.0.2
93 silly idealTree +-- debug@2.2.0
93 silly idealTree +-- depd@1.1.0
93 silly idealTree +-- destroy@1.0.4
93 silly idealTree +-- dicer@0.2.5
93 silly idealTree | `-- readable-stream@1.1.14
93 silly idealTree +-- ee-first@1.1.1
93 silly idealTree +-- errorhandler@1.4.3
93 silly idealTree +-- es6-promise@3.0.2
93 silly idealTree +-- escape-html@1.0.3
93 silly idealTree +-- etag@1.7.0
93 silly idealTree +-- express@4.13.4
93 silly idealTree | +-- accepts@1.2.13
93 silly idealTree | +-- negotiator@0.5.3
93 silly idealTree | `-- qs@4.0.0
93 silly idealTree +-- finalhandler@0.4.1
93 silly idealTree +-- forwarded@0.1.0
93 silly idealTree +-- fresh@0.3.0
93 silly idealTree +-- hooks-fixed@1.1.0
93 silly idealTree +-- http-errors@1.4.0
93 silly idealTree +-- httpntlm@1.6.1
93 silly idealTree +-- httpreq@0.4.22
93 silly idealTree +-- iconv-lite@0.4.13
93 silly idealTree +-- inherits@2.0.1
93 silly idealTree +-- ip@1.1.3
93 silly idealTree +-- ipaddr.js@1.0.5
93 silly idealTree +-- isarray@0.0.1
93 silly idealTree +-- jwt@0.2.0
93 silly idealTree +-- kareem@1.0.1
93 silly idealTree +-- libbase64@0.1.0
93 silly idealTree +-- libmime@2.0.3
93 silly idealTree +-- libqp@1.1.0
93 silly idealTree +-- lodash@4.13.1
93 silly idealTree +-- mailcomposer@3.9.0
93 silly idealTree +-- media-typer@0.3.0
93 silly idealTree +-- merge-descriptors@1.0.1
93 silly idealTree +-- methods@1.1.2
93 silly idealTree +-- mime-db@1.23.0
93 silly idealTree +-- mime-types@2.1.11
93 silly idealTree +-- mime@1.3.4
93 silly idealTree +-- minimist@0.0.8
93 silly idealTree +-- mkdirp@0.5.1
93 silly idealTree +-- mongodb-core@1.3.18
93 silly idealTree +-- mongodb@2.1.18
93 silly idealTree +-- mongoose@4.4.19
93 silly idealTree | `-- async@1.5.2
93 silly idealTree +-- morgan@1.7.0
93 silly idealTree +-- mpath@0.2.1
93 silly idealTree +-- mpromise@0.5.5
93 silly idealTree +-- mquery@1.10.0
93 silly idealTree | `-- sliced@0.0.5
93 silly idealTree +-- ms@0.7.1
93 silly idealTree +-- multer@1.1.0
93 silly idealTree +-- muri@1.1.0
93 silly idealTree +-- negotiator@0.6.1
93 silly idealTree +-- node-base64@0.0.1
93 silly idealTree +-- nodemailer-direct-transport@3.1.0
93 silly idealTree +-- nodemailer-fetch@1.4.0
93 silly idealTree +-- nodemailer-shared@1.0.5
93 silly idealTree +-- nodemailer-smtp-pool@2.6.0
93 silly idealTree +-- nodemailer-smtp-transport@2.5.0
93 silly idealTree +-- nodemailer-wellknown@0.1.9
93 silly idealTree +-- nodemailer@2.4.2
93 silly idealTree +-- object-assign@3.0.0
93 silly idealTree +-- on-finished@2.3.0
93 silly idealTree +-- on-headers@1.0.1
93 silly idealTree +-- parseurl@1.3.1
93 silly idealTree +-- path-to-regexp@0.1.7
93 silly idealTree +-- process-nextick-args@1.0.7
93 silly idealTree +-- proxy-addr@1.0.10
93 silly idealTree +-- qs@6.1.0
93 silly idealTree +-- range-parser@1.0.3
93 silly idealTree +-- raw-body@2.1.6
93 silly idealTree +-- readable-stream@1.0.31
93 silly idealTree +-- regexp-clone@0.0.1
93 silly idealTree +-- require_optional@1.0.0
93 silly idealTree +-- resolve-from@2.0.0
93 silly idealTree +-- semver@5.1.0
93 silly idealTree +-- send@0.13.1
93 silly idealTree | +-- http-errors@1.3.1
93 silly idealTree | `-- statuses@1.2.1
93 silly idealTree +-- serve-static@1.10.3
93 silly idealTree | +-- http-errors@1.3.1
93 silly idealTree | +-- send@0.13.2
93 silly idealTree | `-- statuses@1.2.1
93 silly idealTree +-- sliced@1.0.1
93 silly idealTree +-- smart-buffer@1.0.11
93 silly idealTree +-- smtp-connection@2.5.0
93 silly idealTree +-- socks@1.1.9
93 silly idealTree +-- statuses@1.3.0
93 silly idealTree +-- streamsearch@0.1.2
93 silly idealTree +-- string_decoder@0.10.31
93 silly idealTree +-- type-is@1.6.13
93 silly idealTree +-- typedarray@0.0.6
93 silly idealTree +-- underscore@1.7.0
93 silly idealTree +-- unpipe@1.0.0
93 silly idealTree +-- util-deprecate@1.0.2
93 silly idealTree +-- utils-merge@1.0.0
93 silly idealTree +-- vary@1.0.1
93 silly idealTree `-- xtend@4.0.1
94 silly generateActionsToTake Starting
95 silly install generateActionsToTake
96 silly generateActionsToTake Finishing
97 silly diffTrees action count 3
98 silly diffTrees add node-base64@0.0.1
99 silly diffTrees add jwt@0.2.0
100 silly diffTrees update nodemailer@2.4.2
101 silly decomposeActions action count 24
102 silly decomposeActions fetch node-base64@0.0.1
103 silly decomposeActions extract node-base64@0.0.1
104 silly decomposeActions test node-base64@0.0.1
105 silly decomposeActions preinstall node-base64@0.0.1
106 silly decomposeActions build node-base64@0.0.1
107 silly decomposeActions install node-base64@0.0.1
108 silly decomposeActions postinstall node-base64@0.0.1
109 silly decomposeActions finalize node-base64@0.0.1
110 silly decomposeActions fetch jwt@0.2.0
111 silly decomposeActions extract jwt@0.2.0
112 silly decomposeActions test jwt@0.2.0
113 silly decomposeActions preinstall jwt@0.2.0
114 silly decomposeActions build jwt@0.2.0
115 silly decomposeActions install jwt@0.2.0
116 silly decomposeActions postinstall jwt@0.2.0
117 silly decomposeActions finalize jwt@0.2.0
118 silly decomposeActions fetch nodemailer@2.4.2
119 silly decomposeActions extract nodemailer@2.4.2
120 silly decomposeActions test nodemailer@2.4.2
121 silly decomposeActions preinstall nodemailer@2.4.2
122 silly decomposeActions build nodemailer@2.4.2
123 silly decomposeActions install nodemailer@2.4.2
124 silly decomposeActions postinstall nodemailer@2.4.2
125 silly decomposeActions finalize nodemailer@2.4.2
126 silly executeActions Starting
127 silly install executeActions
128 silly doSerial global-install 0
129 silly doParallel fetch 3
130 verbose correctMkdir C:\Users\Susheel\AppData\Roaming\npm-cache\_locks correctMkdir not in flight; initializing
131 verbose lock using C:\Users\Susheel\AppData\Roaming\npm-cache\_locks\staging-7b17b4e96ae56d0c.lock for D:\projects\fitnessApp\node_modules\.staging
132 silly doParallel extract 3
133 silly extract node-base64@0.0.1
134 silly extract jwt@0.2.0
135 silly extract nodemailer@2.4.2
136 verbose unbuild node_modules\.staging\node-base64-b38d1174
137 verbose unbuild node_modules\.staging\jwt-a20dadea
138 verbose unbuild node_modules\.staging\nodemailer-42574c13
139 silly gentlyRm D:\projects\fitnessApp\node_modules\.staging\node-base64-b38d1174 is being purged from base D:\projects\fitnessApp
140 verbose gentlyRm don't care about contents; nuking D:\projects\fitnessApp\node_modules\.staging\node-base64-b38d1174
141 silly gentlyRm D:\projects\fitnessApp\node_modules\.staging\jwt-a20dadea is being purged from base D:\projects\fitnessApp
142 verbose gentlyRm don't care about contents; nuking D:\projects\fitnessApp\node_modules\.staging\jwt-a20dadea
143 verbose tar unpack C:\Users\Susheel\AppData\Roaming\npm-cache\node-base64\0.0.1\package.tgz
144 verbose tar unpacking to D:\projects\fitnessApp\node_modules\.staging\node-base64-b38d1174
145 silly gentlyRm D:\projects\fitnessApp\node_modules\.staging\node-base64-b38d1174 is being purged
146 verbose gentlyRm don't care about contents; nuking D:\projects\fitnessApp\node_modules\.staging\node-base64-b38d1174
147 silly gentlyRm D:\projects\fitnessApp\node_modules\.staging\nodemailer-42574c13 is being purged from base D:\projects\fitnessApp
148 verbose gentlyRm don't care about contents; nuking D:\projects\fitnessApp\node_modules\.staging\nodemailer-42574c13
149 verbose tar unpack C:\Users\Susheel\AppData\Roaming\npm-cache\jwt\0.2.0\package.tgz
150 verbose tar unpacking to D:\projects\fitnessApp\node_modules\.staging\jwt-a20dadea
151 silly gentlyRm D:\projects\fitnessApp\node_modules\.staging\jwt-a20dadea is being purged
152 verbose gentlyRm don't care about contents; nuking D:\projects\fitnessApp\node_modules\.staging\jwt-a20dadea
153 silly gunzTarPerm modes [ '777', '666' ]
154 verbose tar unpack C:\Users\Susheel\AppData\Roaming\npm-cache\nodemailer\2.4.2\package.tgz
155 verbose tar unpacking to D:\projects\fitnessApp\node_modules\.staging\nodemailer-42574c13
156 silly gentlyRm D:\projects\fitnessApp\node_modules\.staging\nodemailer-42574c13 is being purged
157 verbose gentlyRm don't care about contents; nuking D:\projects\fitnessApp\node_modules\.staging\nodemailer-42574c13
158 silly gunzTarPerm modes [ '777', '666' ]
159 silly gunzTarPerm modes [ '777', '666' ]
160 silly gunzTarPerm extractEntry
161 silly gunzTarPerm modified mode [ '', 493, 511 ]
162 silly gunzTarPerm extractEntry .npmignore
163 silly gunzTarPerm modified mode [ '.npmignore', 420, 438 ]
164 silly gunzTarPerm extractEntry package.json
165 silly gunzTarPerm modified mode [ 'package.json', 420, 438 ]
166 silly gunzTarPerm extractEntry lib/
167 silly gunzTarPerm modified mode [ 'lib/', 493, 511 ]
168 silly gunzTarPerm extractEntry lib/jwt.js
169 silly gunzTarPerm modified mode [ 'lib/jwt.js', 420, 438 ]
170 silly gunzTarPerm extractEntry .npmignore
171 silly gunzTarPerm modified mode [ '.npmignore', 420, 438 ]
172 silly gunzTarPerm extractEntry README.md
173 silly gunzTarPerm modified mode [ 'README.md', 420, 438 ]
174 silly gunzTarPerm extractEntry .gitignore
175 silly gunzTarPerm modified mode [ '.gitignore', 420, 438 ]
176 silly gunzTarPerm extractEntry base64.cc
177 silly gunzTarPerm modified mode [ 'base64.cc', 420, 438 ]
178 silly gunzTarPerm extractEntry install.sh
179 silly gunzTarPerm modified mode [ 'install.sh', 493, 511 ]
180 silly gunzTarPerm extractEntry js_base64_for_comparsion.js
181 silly gunzTarPerm modified mode [ 'js_base64_for_comparsion.js', 420, 438 ]
182 silly gunzTarPerm extractEntry makefile
183 silly gunzTarPerm modified mode [ 'makefile', 420, 438 ]
184 silly gunzTarPerm extractEntry package.json
185 silly gunzTarPerm modified mode [ 'package.json', 420, 438 ]
186 silly gunzTarPerm extractEntry README.md
187 silly gunzTarPerm modified mode [ 'README.md', 420, 438 ]
188 silly gunzTarPerm extractEntry LICENSE
189 silly gunzTarPerm modified mode [ 'LICENSE', 420, 438 ]
190 silly gunzTarPerm extractEntry package.json
191 silly gunzTarPerm modified mode [ 'package.json', 420, 438 ]
192 silly gunzTarPerm extractEntry README.md
193 silly gunzTarPerm modified mode [ 'README.md', 420, 438 ]
194 silly gunzTarPerm extractEntry .eslintrc.js
195 silly gunzTarPerm modified mode [ '.eslintrc.js', 420, 438 ]
196 silly gunzTarPerm extractEntry ISSUE_TEMPLATE.md
197 silly gunzTarPerm modified mode [ 'ISSUE_TEMPLATE.md', 420, 438 ]
198 silly gunzTarPerm extractEntry lib/http-proxy.js
199 silly gunzTarPerm modified mode [ 'lib/http-proxy.js', 420, 438 ]
200 silly gunzTarPerm extractEntry lib/nodemailer.js
201 silly gunzTarPerm modified mode [ 'lib/nodemailer.js', 420, 438 ]
202 silly gunzTarPerm extractEntry lib/template-sender.js
203 silly gunzTarPerm modified mode [ 'lib/template-sender.js', 420, 438 ]
204 silly gunzTarPerm extractEntry test.js
205 silly gunzTarPerm modified mode [ 'test.js', 420, 438 ]
206 silly gunzTarPerm extractEntry test.php
207 silly gunzTarPerm modified mode [ 'test.php', 420, 438 ]
208 silly gunzTarPerm extractEntry wscript
209 silly gunzTarPerm modified mode [ 'wscript', 493, 511 ]
210 silly gunzTarPerm extractEntry CHANGELOG.md
211 silly gunzTarPerm modified mode [ 'CHANGELOG.md', 420, 438 ]
212 silly gentlyRm D:\projects\fitnessApp\node_modules\.staging\jwt-a20dadea\node_modules is being purged
213 verbose gentlyRm don't care about contents; nuking D:\projects\fitnessApp\node_modules\.staging\jwt-a20dadea\node_modules
214 silly gentlyRm D:\projects\fitnessApp\node_modules\.staging\node-base64-b38d1174\node_modules is being purged
215 verbose gentlyRm don't care about contents; nuking D:\projects\fitnessApp\node_modules\.staging\node-base64-b38d1174\node_modules
216 silly gentlyRm D:\projects\fitnessApp\node_modules\.staging\nodemailer-42574c13\node_modules is being purged
217 verbose gentlyRm don't care about contents; nuking D:\projects\fitnessApp\node_modules\.staging\nodemailer-42574c13\node_modules
218 silly doParallel preinstall 3
219 silly preinstall node-base64@0.0.1 D:\projects\fitnessApp\node_modules\.staging\node-base64-b38d1174
220 info lifecycle node-base64@0.0.1~preinstall: node-base64@0.0.1
221 silly preinstall jwt@0.2.0 D:\projects\fitnessApp\node_modules\.staging\jwt-a20dadea
222 info lifecycle jwt@0.2.0~preinstall: jwt@0.2.0
223 silly preinstall nodemailer@2.4.2 D:\projects\fitnessApp\node_modules\.staging\nodemailer-42574c13
224 info lifecycle nodemailer@2.4.2~preinstall: nodemailer@2.4.2
225 silly lifecycle node-base64@0.0.1~preinstall: no script for preinstall, continuing
226 silly lifecycle jwt@0.2.0~preinstall: no script for preinstall, continuing
227 silly lifecycle nodemailer@2.4.2~preinstall: no script for preinstall, continuing
228 silly doReverseSerial remove 0
229 silly doSerial move 0
230 silly doSerial finalize 3
231 silly finalize D:\projects\fitnessApp\node_modules\node-base64
232 silly finalize D:\projects\fitnessApp\node_modules\jwt
233 silly finalize D:\projects\fitnessApp\node_modules\nodemailer
234 silly doSerial build 3
235 silly build node-base64@0.0.1
236 info linkStuff node-base64@0.0.1
237 silly linkStuff node-base64@0.0.1 has D:\projects\fitnessApp\node_modules as its parent node_modules
238 verbose linkBins node-base64@0.0.1
239 verbose linkMans node-base64@0.0.1
240 silly build jwt@0.2.0
241 info linkStuff jwt@0.2.0
242 silly linkStuff jwt@0.2.0 has D:\projects\fitnessApp\node_modules as its parent node_modules
243 verbose linkBins jwt@0.2.0
244 verbose linkMans jwt@0.2.0
245 silly build nodemailer@2.4.2
246 info linkStuff nodemailer@2.4.2
247 silly linkStuff nodemailer@2.4.2 has D:\projects\fitnessApp\node_modules as its parent node_modules
248 verbose linkBins nodemailer@2.4.2
249 verbose linkMans nodemailer@2.4.2
250 silly doSerial global-link 0
251 silly doParallel update-linked 0
252 silly doSerial install 3
253 silly install node-base64@0.0.1 D:\projects\fitnessApp\node_modules\.staging\node-base64-b38d1174
254 info lifecycle node-base64@0.0.1~install: node-base64@0.0.1
255 verbose lifecycle node-base64@0.0.1~install: unsafe-perm in lifecycle true
256 verbose lifecycle node-base64@0.0.1~install: PATH: C:\Users\Susheel\AppData\Roaming\npm\node_modules\npm\bin\node-gyp-bin;D:\projects\fitnessApp\node_modules\node-base64\node_modules\.bin;D:\projects\fitnessApp\node_modules\.bin;C:\Program Files\nodejs;C:\ProgramData\Oracle\Java\javapath;C:\Windows\system32;C:\Windows;C:\Windows\System32\Wbem;C:\Windows\System32\WindowsPowerShell\v1.0\;C:\Program Files (x86)\Skype\Phone\;C:\Program Files\TortoiseSVN\bin;C:\Program Files\nodejs\;C:\Program Files\Git\cmd;C:\Program Files (x86)\Brackets\command;C:\Users\Susheel\AppData\Roaming\npm;C:\Users\Susheel\AppData\Local\Programs\Git\cmd;C:\Program Files\MongoDB\Server\3.2\bin;C:\Users\Susheel\AppData\Local\Android\sdk\tools;C:\Users\Susheel\AppData\Local\Android\sdk\platform-tools
257 verbose lifecycle node-base64@0.0.1~install: CWD: D:\projects\fitnessApp\node_modules\node-base64
258 silly lifecycle node-base64@0.0.1~install: Args: [ '/d /s /c', './install.sh' ]
259 silly lifecycle node-base64@0.0.1~install: Returned: code: 1  signal: null
260 info lifecycle node-base64@0.0.1~install: Failed to exec install script
261 verbose unlock done using C:\Users\Susheel\AppData\Roaming\npm-cache\_locks\staging-7b17b4e96ae56d0c.lock for D:\projects\fitnessApp\node_modules\.staging
262 silly rollbackFailedOptional Starting
263 silly rollbackFailedOptional Finishing
264 silly runTopLevelLifecycles Starting
265 silly runTopLevelLifecycles Finishing
266 silly install printInstalled
267 warn fitnessApp@1.0.0 No repository field.
268 warn fitnessApp@1.0.0 No license field.
269 verbose stack Error: node-base64@0.0.1 install: `./install.sh`
269 verbose stack Exit status 1
269 verbose stack     at EventEmitter.<anonymous> (C:\Users\Susheel\AppData\Roaming\npm\node_modules\npm\lib\utils\lifecycle.js:244:16)
269 verbose stack     at emitTwo (events.js:87:13)
269 verbose stack     at EventEmitter.emit (events.js:172:7)
269 verbose stack     at ChildProcess.<anonymous> (C:\Users\Susheel\AppData\Roaming\npm\node_modules\npm\lib\utils\spawn.js:24:14)
269 verbose stack     at emitTwo (events.js:87:13)
269 verbose stack     at ChildProcess.emit (events.js:172:7)
269 verbose stack     at maybeClose (internal/child_process.js:827:16)
269 verbose stack     at Process.ChildProcess._handle.onexit (internal/child_process.js:211:5)
270 verbose pkgid node-base64@0.0.1
271 verbose cwd D:\projects\fitnessApp
272 error Windows_NT 6.1.7601
273 error argv "C:\\Program Files\\nodejs\\node.exe" "C:\\Users\\Susheel\\AppData\\Roaming\\npm\\node_modules\\npm\\bin\\npm-cli.js" "install" "jwt"
274 error node v4.4.3
275 error npm  v3.8.7
276 error code ELIFECYCLE
277 error node-base64@0.0.1 install: `./install.sh`
277 error Exit status 1
278 error Failed at the node-base64@0.0.1 install script './install.sh'.
278 error Make sure you have the latest version of node.js and npm installed.
278 error If you do, this is most likely a problem with the node-base64 package,
278 error not with npm itself.
278 error Tell the author that this fails on your system:
278 error     ./install.sh
278 error You can get information on how to open an issue for this project with:
278 error     npm bugs node-base64
278 error Or if that isn't available, you can get their info via:
278 error     npm owner ls node-base64
278 error There is likely additional logging output above.
279 verbose exit [ 1, true ]
